<?xml version='1.0' encoding='UTF-8'?>
<testsuite hostname="DESKTOP-OBUK1EI" name="HT_1.GCDTest" tests="1" errors="0" failures="0" skipped="0" time="0.135" timestamp="2023-01-29T23:12:55">
          <properties>
      <property name="java.specification.version" value="17"/><property name="sun.cpu.isalist" value="amd64"/><property name="sun.jnu.encoding" value="Cp1251"/><property name="sun.arch.data.model" value="64"/><property name="java.vendor.url" value="https://java.oracle.com/"/><property name="user.country.format" value="BY"/><property name="sun.boot.library.path" value="C:\Program Files\Java\jdk-17\bin"/><property name="sun.java.command" value="xsbt.boot.Boot test"/><property name="jdk.debug" value="release"/><property name="sun.stderr.encoding" value="cp866"/><property name="java.specification.vendor" value="Oracle Corporation"/><property name="java.version.date" value="2023-01-17"/><property name="java.home" value="C:\Program Files\Java\jdk-17"/><property name="file.separator" value="\"/><property name="java.vm.compressedOopsMode" value="32-bit"/><property name="line.separator" value="
"/><property name="sun.stdout.encoding" value="cp866"/><property name="java.vm.specification.vendor" value="Oracle Corporation"/><property name="java.specification.name" value="Java Platform API Specification"/><property name="user.script" value=""/><property name="sun.management.compiler" value="HotSpot 64-Bit Tiered Compilers"/><property name="java.runtime.version" value="17.0.6+9-LTS-190"/><property name="user.name" value="podva"/><property name="log4j.ignoreTCL" value="true"/><property name="file.encoding" value="UTF-8"/><property name="jnidispatch.path" value="C:\Users\podva\AppData\Local\Temp\jna-106841008\jna9652042256932178615.dll"/><property name="jna.loaded" value="true"/><property name="java.io.tmpdir" value="C:\Users\podva\AppData\Local\Temp\"/><property name="java.version" value="17.0.6"/><property name="java.vm.specification.name" value="Java Virtual Machine Specification"/><property name="sun.os.patch.level" value=""/><property name="native.encoding" value="Cp1251"/><property name="java.library.path" value="C:\Program Files\Java\jdk-17\bin;C:\Windows\Sun\Java\bin;C:\Windows\system32;C:\Windows;C:\Program Files\Common Files\Oracle\Java\javapath;C:\Windows\system32;C:\Windows;C:\Windows\System32\Wbem;C:\Windows\System32\WindowsPowerShell\v1.0\;C:\Windows\System32\OpenSSH\;C:\Program Files\Git\cmd;C:\Program Files\dotnet\;C:\Program Files (x86)\sbt\bin;C:\Program Files\Java\jdk-17\bin;~\AppData\Local\Coursier\data\bin;C:\Users\podva\AppData\Local\Programs\Python\Python39\Scripts\;C:\Users\podva\AppData\Local\Programs\Python\Python39\;C:\Users\podva\Scripts\;C:\Users\podva\;C:\Users\podva\AppData\Local\Microsoft\WindowsApps;C:\Users\podva\AppData\Local\Programs\Microsoft VS Code\bin;C:\Program Files\Git\bin;C:\Program Files\JetBrains\JetBrains Rider 2021.3.3\bin;;;C:\Users\podva\AppData\Local\Coursier\data\bin;."/><property name="java.vendor" value="Oracle Corporation"/><property name="scala.ext.dirs" value="C:\Users\podva\.sbt\1.0\java9-rt-ext-oracle_corporation_17_0_6"/><property name="sun.io.unicode.encoding" value="UnicodeLittle"/><property name="java.class.path" value="C:\Program Files (x86)\sbt\\bin\sbt-launch.jar"/><property name="java.vm.vendor" value="Oracle Corporation"/><property name="user.variant" value=""/><property name="jline.shutdownhook" value="false"/><property name="user.timezone" value="Europe/Moscow"/><property name="java.vm.specification.version" value="17"/><property name="os.name" value="Windows 10"/><property name="sun.java.launcher" value="SUN_STANDARD"/><property name="user.country" value="RU"/><property name="sun.cpu.endian" value="little"/><property name="user.home" value="C:\Users\podva"/><property name="user.language" value="ru"/><property name="sbt.ipcsocket.tmpdir" value="C:\Users\podva\AppData\Local\Temp\.sbt4485b0c3\ipcsocket"/><property name="swoval.tmpdir" value="C:\Users\podva\AppData\Local\Temp\.sbt4485b0c3\swoval"/><property name="jline.esc.timeout" value="0"/><property name="path.separator" value=";"/><property name="os.version" value="10.0"/><property name="jna.nosys" value="true"/><property name="java.runtime.name" value="Java(TM) SE Runtime Environment"/><property name="java.vm.name" value="Java HotSpot(TM) 64-Bit Server VM"/><property name="java.vendor.url.bug" value="https://bugreport.java.com/bugreport/"/><property name="user.dir" value="D:\Scala-bootcamp\HT_for_me\Scala-bootcamp-HT"/><property name="os.arch" value="amd64"/><property name="java.vm.info" value="mixed mode, sharing"/><property name="java.vm.version" value="17.0.6+9-LTS-190"/><property name="java.class.version" value="61.0"/>
    </properties>
          <testcase classname="HT_1.GCDTest" name="GCD gcd(54, 24)" time="0.135">
                      
                    </testcase>
          <system-out><![CDATA[]]></system-out>
          <system-err><![CDATA[]]></system-err>
        </testsuite>